<?xml version="1.0" encoding="UTF-8"?>
<!-- Generated by org.testng.reporters.JUnitXMLReporter -->
<testsuite hostname="LAPTOP-19N1NVEG" name="Test" tests="1" failures="1" timestamp="30 Dec 2020 17:11:57 GMT" time="1.653" errors="0">
  <testcase name="LoginIntoApplication" time="1.604" classname="TestCases.Login">
    <failure type="java.lang.AssertionError" message="Unable to locate element">
      <![CDATA[java.lang.AssertionError: Unable to locate element
	at Reusables.Keywords.Fluentwait(Keywords.java:89)
	at Reusables.Keywords.click(Keywords.java:39)
	at Pages.LoginPages.Login(LoginPages.java:12)
	at TestCases.Login.LoginIntoApplication(Login.java:12)
... Removed 26 stack frames]]>
    </failure>
  </testcase> <!-- LoginIntoApplication -->
</testsuite> <!-- Test -->
