<!DOCTYPE html>

<html>
  <head>
  <meta charset='utf-8'>
  <title>TestNG reports</title>

    <link type="text/css" href="testng-reports.css" rel="stylesheet" />  
    <script type="text/javascript" src="jquery-1.7.1.min.js"></script>
    <script type="text/javascript" src="testng-reports.js"></script>
    <script type="text/javascript" src="https://www.google.com/jsapi"></script>
    <script type='text/javascript'>
      google.load('visualization', '1', {packages:['table']});
      google.setOnLoadCallback(drawTable);
      var suiteTableInitFunctions = new Array();
      var suiteTableData = new Array();
    </script>
    <!--
      <script type="text/javascript" src="jquery-ui/js/jquery-ui-1.8.16.custom.min.js"></script>
     -->
  </head>

  <body>
    <div class="top-banner-root">
      <span class="top-banner-title-font">Test results</span>
      <br/>
      <span class="top-banner-font-1">1 suite, 2 failed tests</span>
    </div> <!-- top-banner-root -->
    <div class="navigator-root">
      <div class="navigator-suite-header">
        <span>All suites</span>
        <a href="#" class="collapse-all-link" title="Collapse/expand all the suites">
          <img class="collapse-all-icon" src="collapseall.gif">
          </img> <!-- collapse-all-icon -->
        </a> <!-- collapse-all-link -->
      </div> <!-- navigator-suite-header -->
      <div class="suite">
        <div class="rounded-window">
          <div class="suite-header light-rounded-window-top">
            <a href="#" class="navigator-link" panel-name="suite-Default_suite">
              <span class="suite-name border-failed">Default suite</span>
            </a> <!-- navigator-link -->
          </div> <!-- suite-header light-rounded-window-top -->
          <div class="navigator-suite-content">
            <div class="suite-section-title">
              <span>Info</span>
            </div> <!-- suite-section-title -->
            <div class="suite-section-content">
              <ul>
                <li>
                  <a href="#" class="navigator-link " panel-name="test-xml-Default_suite">
                    <span>C:\Users\aravi\AppData\Local\Temp\testng-eclipse-802232618\testng-customsuite.xml</span>
                  </a> <!-- navigator-link  -->
                </li>
                <li>
                  <a href="#" class="navigator-link " panel-name="testlist-Default_suite">
                    <span class="test-stats">1 test</span>
                  </a> <!-- navigator-link  -->
                </li>
                <li>
                  <a href="#" class="navigator-link " panel-name="group-Default_suite">
                    <span>0 groups</span>
                  </a> <!-- navigator-link  -->
                </li>
                <li>
                  <a href="#" class="navigator-link " panel-name="times-Default_suite">
                    <span>Times</span>
                  </a> <!-- navigator-link  -->
                </li>
                <li>
                  <a href="#" class="navigator-link " panel-name="reporter-Default_suite">
                    <span>Reporter output</span>
                  </a> <!-- navigator-link  -->
                </li>
                <li>
                  <a href="#" class="navigator-link " panel-name="ignored-methods-Default_suite">
                    <span>Ignored methods</span>
                  </a> <!-- navigator-link  -->
                </li>
                <li>
                  <a href="#" class="navigator-link " panel-name="chronological-Default_suite">
                    <span>Chronological view</span>
                  </a> <!-- navigator-link  -->
                </li>
              </ul>
            </div> <!-- suite-section-content -->
            <div class="result-section">
              <div class="suite-section-title">
                <span>Results</span>
              </div> <!-- suite-section-title -->
              <div class="suite-section-content">
                <ul>
                  <li>
                    <span class="method-stats">2 methods, 2 failed,   </span>
                  </li>
                  <li>
                    <span class="method-list-title failed">Failed methods</span>
                    <span class="show-or-hide-methods failed">
                      <a href="#" panel-name="suite-Default_suite" class="hide-methods failed suite-Default_suite"> (hide)</a> <!-- hide-methods failed suite-Default_suite -->
                      <a href="#" panel-name="suite-Default_suite" class="show-methods failed suite-Default_suite"> (show)</a> <!-- show-methods failed suite-Default_suite -->
                    </span>
                    <div class="method-list-content failed suite-Default_suite">
                      <span>
                        <img width="3%" src="failed.png"/>
                        <a href="#" class="method navigator-link" panel-name="suite-Default_suite" title="TestCases.SampleTestCase" hash-for-method="SearchData_TestCase1({ProductSearch=Asus VivoBook Gaming})">SearchData_TestCase1({ProductSearch=Asus VivoBook Gaming})</a> <!-- method navigator-link -->
                      </span>
                      <br/>
                      <span>
                        <img width="3%" src="failed.png"/>
                        <a href="#" class="method navigator-link" panel-name="suite-Default_suite" title="TestCases.SampleTestCase" hash-for-method="SearchData_TestCase1({ProductSearch=Apple MacBook Pro})">SearchData_TestCase1({ProductSearch=Apple MacBook Pro})</a> <!-- method navigator-link -->
                      </span>
                      <br/>
                    </div> <!-- method-list-content failed suite-Default_suite -->
                  </li>
                </ul>
              </div> <!-- suite-section-content -->
            </div> <!-- result-section -->
          </div> <!-- navigator-suite-content -->
        </div> <!-- rounded-window -->
      </div> <!-- suite -->
    </div> <!-- navigator-root -->
    <div class="wrapper">
      <div class="main-panel-root">
        <div panel-name="suite-Default_suite" class="panel Default_suite">
          <div class="suite-Default_suite-class-failed">
            <div class="main-panel-header rounded-window-top">
              <img src="failed.png"/>
              <span class="class-name">TestCases.SampleTestCase</span>
            </div> <!-- main-panel-header rounded-window-top -->
            <div class="main-panel-content rounded-window-bottom">
              <div class="method">
                <div class="method-content">
                  <a name="SearchData_TestCase1({ProductSearch=Asus VivoBook Gaming})">
                  </a> <!-- SearchData_TestCase1({ProductSearch=Asus VivoBook Gaming}) -->
                  <span class="method-name">SearchData_TestCase1</span>
                  <span class="parameters">({ProductSearch=Asus VivoBook Gaming})</span>
                  <div class="stack-trace">CustomException.MyException: Unable to locate element By.xpath: //button[@class=&apos;_2AkmmA _29YdH8&apos;]Expected condition failed: waiting for element to be clickable: By.xpath: //button[@class=&apos;_2AkmmA _29YdH8&apos;] (tried for 10 second(s) with 500 milliseconds interval)
	at Reusables.Reusables.waitforEle(Reusables.java:109)
	at Reusables.Reusables.click(Reusables.java:61)
	at Pages.LoginPage.LoginintoApplication(LoginPage.java:23)
	at TestCases.SampleTestCase.SearchData_TestCase1(SampleTestCase.java:24)
	at sun.reflect.NativeMethodAccessorImpl.invoke0(Native Method)
	at sun.reflect.NativeMethodAccessorImpl.invoke(Unknown Source)
	at sun.reflect.DelegatingMethodAccessorImpl.invoke(Unknown Source)
	at java.lang.reflect.Method.invoke(Unknown Source)
	at org.testng.internal.MethodInvocationHelper.invokeMethod(MethodInvocationHelper.java:100)
	at org.testng.internal.Invoker.invokeMethod(Invoker.java:646)
	at org.testng.internal.Invoker.invokeTestMethod(Invoker.java:811)
	at org.testng.internal.Invoker.invokeTestMethods(Invoker.java:1137)
	at org.testng.internal.TestMethodWorker.invokeTestMethods(TestMethodWorker.java:129)
	at org.testng.internal.TestMethodWorker.run(TestMethodWorker.java:112)
	at org.testng.TestRunner.privateRun(TestRunner.java:753)
	at org.testng.TestRunner.run(TestRunner.java:607)
	at org.testng.SuiteRunner.runTest(SuiteRunner.java:368)
	at org.testng.SuiteRunner.runSequentially(SuiteRunner.java:363)
	at org.testng.SuiteRunner.privateRun(SuiteRunner.java:321)
	at org.testng.SuiteRunner.run(SuiteRunner.java:270)
	at org.testng.SuiteRunnerWorker.runSuite(SuiteRunnerWorker.java:52)
	at org.testng.SuiteRunnerWorker.run(SuiteRunnerWorker.java:86)
	at org.testng.TestNG.runSuitesSequentially(TestNG.java:1284)
	at org.testng.TestNG.runSuitesLocally(TestNG.java:1209)
	at org.testng.TestNG.runSuites(TestNG.java:1124)
	at org.testng.TestNG.run(TestNG.java:1096)
	at org.testng.remote.AbstractRemoteTestNG.run(AbstractRemoteTestNG.java:132)
	at org.testng.remote.RemoteTestNG.initAndRun(RemoteTestNG.java:236)
	at org.testng.remote.RemoteTestNG.main(RemoteTestNG.java:81)

</div> <!-- stack-trace -->
                </div> <!-- method-content -->
              </div> <!-- method -->
              <div class="method">
                <div class="method-content">
                  <a name="SearchData_TestCase1({ProductSearch=Apple MacBook Pro})">
                  </a> <!-- SearchData_TestCase1({ProductSearch=Apple MacBook Pro}) -->
                  <span class="method-name">SearchData_TestCase1</span>
                  <span class="parameters">({ProductSearch=Apple MacBook Pro})</span>
                  <div class="stack-trace">CustomException.MyException: Unable to locate element By.xpath: //button[@class=&apos;_2AkmmA _29YdH8&apos;]Expected condition failed: waiting for element to be clickable: By.xpath: //button[@class=&apos;_2AkmmA _29YdH8&apos;] (tried for 10 second(s) with 500 milliseconds interval)
	at Reusables.Reusables.waitforEle(Reusables.java:109)
	at Reusables.Reusables.click(Reusables.java:61)
	at Pages.LoginPage.LoginintoApplication(LoginPage.java:23)
	at TestCases.SampleTestCase.SearchData_TestCase1(SampleTestCase.java:24)
	at sun.reflect.NativeMethodAccessorImpl.invoke0(Native Method)
	at sun.reflect.NativeMethodAccessorImpl.invoke(Unknown Source)
	at sun.reflect.DelegatingMethodAccessorImpl.invoke(Unknown Source)
	at java.lang.reflect.Method.invoke(Unknown Source)
	at org.testng.internal.MethodInvocationHelper.invokeMethod(MethodInvocationHelper.java:100)
	at org.testng.internal.Invoker.invokeMethod(Invoker.java:646)
	at org.testng.internal.Invoker.invokeTestMethod(Invoker.java:811)
	at org.testng.internal.Invoker.invokeTestMethods(Invoker.java:1137)
	at org.testng.internal.TestMethodWorker.invokeTestMethods(TestMethodWorker.java:129)
	at org.testng.internal.TestMethodWorker.run(TestMethodWorker.java:112)
	at org.testng.TestRunner.privateRun(TestRunner.java:753)
	at org.testng.TestRunner.run(TestRunner.java:607)
	at org.testng.SuiteRunner.runTest(SuiteRunner.java:368)
	at org.testng.SuiteRunner.runSequentially(SuiteRunner.java:363)
	at org.testng.SuiteRunner.privateRun(SuiteRunner.java:321)
	at org.testng.SuiteRunner.run(SuiteRunner.java:270)
	at org.testng.SuiteRunnerWorker.runSuite(SuiteRunnerWorker.java:52)
	at org.testng.SuiteRunnerWorker.run(SuiteRunnerWorker.java:86)
	at org.testng.TestNG.runSuitesSequentially(TestNG.java:1284)
	at org.testng.TestNG.runSuitesLocally(TestNG.java:1209)
	at org.testng.TestNG.runSuites(TestNG.java:1124)
	at org.testng.TestNG.run(TestNG.java:1096)
	at org.testng.remote.AbstractRemoteTestNG.run(AbstractRemoteTestNG.java:132)
	at org.testng.remote.RemoteTestNG.initAndRun(RemoteTestNG.java:236)
	at org.testng.remote.RemoteTestNG.main(RemoteTestNG.java:81)

</div> <!-- stack-trace -->
                </div> <!-- method-content -->
              </div> <!-- method -->
            </div> <!-- main-panel-content rounded-window-bottom -->
          </div> <!-- suite-Default_suite-class-failed -->
        </div> <!-- panel Default_suite -->
        <div panel-name="test-xml-Default_suite" class="panel">
          <div class="main-panel-header rounded-window-top">
            <span class="header-content">C:\Users\aravi\AppData\Local\Temp\testng-eclipse-802232618\testng-customsuite.xml</span>
          </div> <!-- main-panel-header rounded-window-top -->
          <div class="main-panel-content rounded-window-bottom">
            <pre>
&lt;?xml version=&quot;1.0&quot; encoding=&quot;UTF-8&quot;?&gt;
&lt;!DOCTYPE suite SYSTEM &quot;http://testng.org/testng-1.0.dtd&quot;&gt;
&lt;suite guice-stage=&quot;DEVELOPMENT&quot; name=&quot;Default suite&quot;&gt;
  &lt;test verbose=&quot;2&quot; name=&quot;Default test&quot;&gt;
    &lt;classes&gt;
      &lt;class name=&quot;TestCases.SampleTestCase&quot;/&gt;
    &lt;/classes&gt;
  &lt;/test&gt; &lt;!-- Default test --&gt;
&lt;/suite&gt; &lt;!-- Default suite --&gt;
            </pre>
          </div> <!-- main-panel-content rounded-window-bottom -->
        </div> <!-- panel -->
        <div panel-name="testlist-Default_suite" class="panel">
          <div class="main-panel-header rounded-window-top">
            <span class="header-content">Tests for Default suite</span>
          </div> <!-- main-panel-header rounded-window-top -->
          <div class="main-panel-content rounded-window-bottom">
            <ul>
              <li>
                <span class="test-name">Default test (1 class)</span>
              </li>
            </ul>
          </div> <!-- main-panel-content rounded-window-bottom -->
        </div> <!-- panel -->
        <div panel-name="group-Default_suite" class="panel">
          <div class="main-panel-header rounded-window-top">
            <span class="header-content">Groups for Default suite</span>
          </div> <!-- main-panel-header rounded-window-top -->
          <div class="main-panel-content rounded-window-bottom">
          </div> <!-- main-panel-content rounded-window-bottom -->
        </div> <!-- panel -->
        <div panel-name="times-Default_suite" class="panel">
          <div class="main-panel-header rounded-window-top">
            <span class="header-content">Times for Default suite</span>
          </div> <!-- main-panel-header rounded-window-top -->
          <div class="main-panel-content rounded-window-bottom">
            <div class="times-div">
              <script type="text/javascript">
suiteTableInitFunctions.push('tableData_Default_suite');
function tableData_Default_suite() {
var data = new google.visualization.DataTable();
data.addColumn('number', 'Number');
data.addColumn('string', 'Method');
data.addColumn('string', 'Class');
data.addColumn('number', 'Time (ms)');
data.addRows(2);
data.setCell(0, 0, 0)
data.setCell(0, 1, 'SearchData_TestCase1')
data.setCell(0, 2, 'TestCases.SampleTestCase')
data.setCell(0, 3, 22729);
data.setCell(1, 0, 1)
data.setCell(1, 1, 'SearchData_TestCase1')
data.setCell(1, 2, 'TestCases.SampleTestCase')
data.setCell(1, 3, 22662);
window.suiteTableData['Default_suite']= { tableData: data, tableDiv: 'times-div-Default_suite'}
return data;
}
              </script>
              <span class="suite-total-time">Total running time: 45 seconds</span>
              <div id="times-div-Default_suite">
              </div> <!-- times-div-Default_suite -->
            </div> <!-- times-div -->
          </div> <!-- main-panel-content rounded-window-bottom -->
        </div> <!-- panel -->
        <div panel-name="reporter-Default_suite" class="panel">
          <div class="main-panel-header rounded-window-top">
            <span class="header-content">Reporter output for Default suite</span>
          </div> <!-- main-panel-header rounded-window-top -->
          <div class="main-panel-content rounded-window-bottom">
            <div class="reporter-method-div">
              <span class="reporter-method-name">SearchData_TestCase1({ProductSearch=Asus VivoBook Gaming})</span>
              <div class="reporter-method-output-div">
                <span class="reporter-method-output">Opend URL<a style='color:#32cd32;float: right'  target='_blank' href='C:\Users\aravi\Documents\Results\Screenshots\2020-12-31_21-59-06\SearchData_TestCase1_1\Opened URL.JPEG'>ScreenShot</a></span>
                <span class="reporter-method-output">Entered Phone Number<a style='color:#32cd32;float: right'  target='_blank' href='C:\Users\aravi\Documents\Results\Screenshots\2020-12-31_21-59-06\SearchData_TestCase1_1\Entered Phone Number.JPEG'>ScreenShot</a></span>
                <span class="reporter-method-output">Entered Password<a style='color:#32cd32;float: right'  target='_blank' href='C:\Users\aravi\Documents\Results\Screenshots\2020-12-31_21-59-06\SearchData_TestCase1_1\Entered Password.JPEG'>ScreenShot</a></span>
                <span class="reporter-method-output">clicked on Submit Button<a style='color:#32cd32;float: right'  target='_blank' href='C:\Users\aravi\Documents\Results\Screenshots\2020-12-31_21-59-06\SearchData_TestCase1_1\clicked on Submit Button.JPEG'>ScreenShot</a></span>
                <span class="reporter-method-output">waited for 10sec for element<br>Expected condition failed: waiting for element to be clickable: By.xpath: //button[@class='_2AkmmA _29YdH8'] (tried for 10 second(s) with 500 milliseconds interval)<a data-featherlight = 'C:\Users\aravi\Documents\Results\Screenshots\2020-12-31_21-59-06\SearchData_TestCase1_1\Unable to locate element.JPEG' href='C:\Users\aravi\Documents\Results\Screenshots\2020-12-31_21-59-06\SearchData_TestCase1_1\Unable to locate element.JPEG' target='_blank' style='color:#FFFFFF;float: right'>ScreenShot</a></span>
              </div> <!-- reporter-method-output-div -->
            </div> <!-- reporter-method-div -->
            <div class="reporter-method-div">
              <span class="reporter-method-name">SearchData_TestCase1({ProductSearch=Apple MacBook Pro})</span>
              <div class="reporter-method-output-div">
                <span class="reporter-method-output">Opend URL<a style='color:#32cd32;float: right'  target='_blank' href='C:\Users\aravi\Documents\Results\Screenshots\2020-12-31_21-59-06\SearchData_TestCase1_2\Opened URL.JPEG'>ScreenShot</a></span>
                <span class="reporter-method-output">Entered Phone Number<a style='color:#32cd32;float: right'  target='_blank' href='C:\Users\aravi\Documents\Results\Screenshots\2020-12-31_21-59-06\SearchData_TestCase1_2\Entered Phone Number.JPEG'>ScreenShot</a></span>
                <span class="reporter-method-output">Entered Password<a style='color:#32cd32;float: right'  target='_blank' href='C:\Users\aravi\Documents\Results\Screenshots\2020-12-31_21-59-06\SearchData_TestCase1_2\Entered Password.JPEG'>ScreenShot</a></span>
                <span class="reporter-method-output">clicked on Submit Button<a style='color:#32cd32;float: right'  target='_blank' href='C:\Users\aravi\Documents\Results\Screenshots\2020-12-31_21-59-06\SearchData_TestCase1_2\clicked on Submit Button.JPEG'>ScreenShot</a></span>
                <span class="reporter-method-output">waited for 10sec for element<br>Expected condition failed: waiting for element to be clickable: By.xpath: //button[@class='_2AkmmA _29YdH8'] (tried for 10 second(s) with 500 milliseconds interval)<a data-featherlight = 'C:\Users\aravi\Documents\Results\Screenshots\2020-12-31_21-59-06\SearchData_TestCase1_2\Unable to locate element.JPEG' href='C:\Users\aravi\Documents\Results\Screenshots\2020-12-31_21-59-06\SearchData_TestCase1_2\Unable to locate element.JPEG' target='_blank' style='color:#FFFFFF;float: right'>ScreenShot</a></span>
              </div> <!-- reporter-method-output-div -->
            </div> <!-- reporter-method-div -->
          </div> <!-- main-panel-content rounded-window-bottom -->
        </div> <!-- panel -->
        <div panel-name="ignored-methods-Default_suite" class="panel">
          <div class="main-panel-header rounded-window-top">
            <span class="header-content">0 ignored methods</span>
          </div> <!-- main-panel-header rounded-window-top -->
          <div class="main-panel-content rounded-window-bottom">
          </div> <!-- main-panel-content rounded-window-bottom -->
        </div> <!-- panel -->
        <div panel-name="chronological-Default_suite" class="panel">
          <div class="main-panel-header rounded-window-top">
            <span class="header-content">Methods in chronological order</span>
          </div> <!-- main-panel-header rounded-window-top -->
          <div class="main-panel-content rounded-window-bottom">
            <div class="chronological-class">
              <div class="chronological-class-name">TestCases.SampleTestCase</div> <!-- chronological-class-name -->
              <div class="configuration-suite before">
                <span class="method-name">setPath(org.testng.TestRunner@6a937336)</span>
                <span class="method-start">0 ms</span>
              </div> <!-- configuration-suite before -->
              <div class="configuration-method before">
                <span class="method-name">onStart(public void TestCases.SampleTestCase.SearchData_TestCase1(java.util.Map) throws java.lang.Exception)</span>
                <span class="method-start">2851 ms</span>
              </div> <!-- configuration-method before -->
              <div class="test-method">
                <img src="failed.png">
                </img>
                <span class="method-name">SearchData_TestCase1({ProductSearch=Asus VivoBook Gaming})</span>
                <span class="method-start">11026 ms</span>
              </div> <!-- test-method -->
              <div class="configuration-method after">
                <span class="method-name">CloseBrowser([TestResult name=SearchData_TestCase1 status=FAILURE method=SampleTestCase.SearchData_TestCase1(java...)</span>
                <span class="method-start">33693 ms</span>
              </div> <!-- configuration-method after -->
              <div class="configuration-method before">
                <span class="method-name">onStart(public void TestCases.SampleTestCase.SearchData_TestCase1(java.util.Map) throws java.lang.Exception)</span>
                <span class="method-start">34666 ms</span>
              </div> <!-- configuration-method before -->
              <div class="test-method">
                <img src="failed.png">
                </img>
                <span class="method-name">SearchData_TestCase1({ProductSearch=Apple MacBook Pro})</span>
                <span class="method-start">40558 ms</span>
              </div> <!-- test-method -->
              <div class="configuration-method after">
                <span class="method-name">CloseBrowser([TestResult name=SearchData_TestCase1 status=FAILURE method=SampleTestCase.SearchData_TestCase1(java...)</span>
                <span class="method-start">63290 ms</span>
              </div> <!-- configuration-method after -->
              <div class="configuration-suite after">
                <span class="method-name">getResult</span>
                <span class="method-start">63408 ms</span>
              </div> <!-- configuration-suite after -->
          </div> <!-- main-panel-content rounded-window-bottom -->
        </div> <!-- panel -->
      </div> <!-- main-panel-root -->
    </div> <!-- wrapper -->
  </body>
</html>
