<?xml version="1.0" encoding="UTF-8"?>
<testng-results skipped="0" failed="2" total="2" passed="0">
  <reporter-output>
  </reporter-output>
  <suite name="Default suite" duration-ms="53457" started-at="2021-02-04T16:14:09Z" finished-at="2021-02-04T16:15:02Z">
    <groups>
    </groups>
    <test name="Default test" duration-ms="53457" started-at="2021-02-04T16:14:09Z" finished-at="2021-02-04T16:15:02Z">
      <class name="TestCases.SampleTestCase">
        <test-method status="PASS" signature="setPath(org.testng.ITestContext)[pri:0, instance:TestCases.SampleTestCase@6e06451e]" name="setPath" is-config="true" duration-ms="2759" started-at="2021-02-04T21:44:06Z" finished-at="2021-02-04T21:44:09Z">
          <params>
            <param index="0">
              <value>
                <![CDATA[org.testng.TestRunner@6ec7bce0]]>
              </value>
            </param>
          </params>
          <reporter-output>
          </reporter-output>
        </test-method> <!-- setPath -->
        <test-method status="PASS" signature="onStart(java.lang.reflect.Method)[pri:0, instance:TestCases.SampleTestCase@6e06451e]" name="onStart" is-config="true" duration-ms="9592" started-at="2021-02-04T21:44:11Z" finished-at="2021-02-04T21:44:21Z">
          <params>
            <param index="0">
              <value>
                <![CDATA[public void TestCases.SampleTestCase.SearchData_TestCase1(java.util.Map) throws java.lang.Exception]]>
              </value>
            </param>
          </params>
          <reporter-output>
          </reporter-output>
        </test-method> <!-- onStart -->
        <test-method status="FAIL" signature="SearchData_TestCase1(java.util.Map)[pri:0, instance:TestCases.SampleTestCase@6e06451e]" name="SearchData_TestCase1" duration-ms="17399" started-at="2021-02-04T21:44:21Z" data-provider="TestData" finished-at="2021-02-04T21:44:38Z">
          <params>
            <param index="0">
              <value>
                <![CDATA[{ProductSearch=Asus VivoBook Gaming}]]>
              </value>
            </param>
          </params>
          <exception class="CustomException.MyException">
            <message>
              <![CDATA[Unable to locate element By.xpath: //button[@class='_2AkmmA _29YdH8']Expected condition failed: waiting for element to be clickable: By.xpath: //button[@class='_2AkmmA _29YdH8'] (tried for 10 second(s) with 500 milliseconds interval)]]>
            </message>
            <full-stacktrace>
              <![CDATA[CustomException.MyException: Unable to locate element By.xpath: //button[@class='_2AkmmA _29YdH8']Expected condition failed: waiting for element to be clickable: By.xpath: //button[@class='_2AkmmA _29YdH8'] (tried for 10 second(s) with 500 milliseconds interval)
	at Reusables.Reusables.waitforEle(Reusables.java:109)
	at Reusables.Reusables.click(Reusables.java:61)
	at Pages.LoginPage.LoginintoApplication(LoginPage.java:23)
	at TestCases.SampleTestCase.SearchData_TestCase1(SampleTestCase.java:24)
	at sun.reflect.NativeMethodAccessorImpl.invoke0(Native Method)
	at sun.reflect.NativeMethodAccessorImpl.invoke(Unknown Source)
	at sun.reflect.DelegatingMethodAccessorImpl.invoke(Unknown Source)
	at java.lang.reflect.Method.invoke(Unknown Source)
	at org.testng.internal.MethodInvocationHelper.invokeMethod(MethodInvocationHelper.java:100)
	at org.testng.internal.Invoker.invokeMethod(Invoker.java:646)
	at org.testng.internal.Invoker.invokeTestMethod(Invoker.java:811)
	at org.testng.internal.Invoker.invokeTestMethods(Invoker.java:1137)
	at org.testng.internal.TestMethodWorker.invokeTestMethods(TestMethodWorker.java:129)
	at org.testng.internal.TestMethodWorker.run(TestMethodWorker.java:112)
	at org.testng.TestRunner.privateRun(TestRunner.java:753)
	at org.testng.TestRunner.run(TestRunner.java:607)
	at org.testng.SuiteRunner.runTest(SuiteRunner.java:368)
	at org.testng.SuiteRunner.runSequentially(SuiteRunner.java:363)
	at org.testng.SuiteRunner.privateRun(SuiteRunner.java:321)
	at org.testng.SuiteRunner.run(SuiteRunner.java:270)
	at org.testng.SuiteRunnerWorker.runSuite(SuiteRunnerWorker.java:52)
	at org.testng.SuiteRunnerWorker.run(SuiteRunnerWorker.java:86)
	at org.testng.TestNG.runSuitesSequentially(TestNG.java:1284)
	at org.testng.TestNG.runSuitesLocally(TestNG.java:1209)
	at org.testng.TestNG.runSuites(TestNG.java:1124)
	at org.testng.TestNG.run(TestNG.java:1096)
	at org.testng.remote.AbstractRemoteTestNG.run(AbstractRemoteTestNG.java:132)
	at org.testng.remote.RemoteTestNG.initAndRun(RemoteTestNG.java:236)
	at org.testng.remote.RemoteTestNG.main(RemoteTestNG.java:81)
]]>
            </full-stacktrace>
          </exception> <!-- CustomException.MyException -->
          <reporter-output>
          </reporter-output>
        </test-method> <!-- SearchData_TestCase1 -->
        <test-method status="PASS" signature="CloseBrowser(org.testng.ITestResult, org.testng.ITestContext)[pri:0, instance:TestCases.SampleTestCase@6e06451e]" name="CloseBrowser" is-config="true" duration-ms="1224" started-at="2021-02-04T21:44:38Z" finished-at="2021-02-04T21:44:39Z">
          <params>
            <param index="0">
              <value>
                <![CDATA[[TestResult name=SearchData_TestCase1 status=FAILURE method=SampleTestCase.SearchData_TestCase1(java.util.Map)[pri:0, instance:TestCases.SampleTestCase@6e06451e] output={null}]]]>
              </value>
            </param>
            <param index="1">
              <value>
                <![CDATA[org.testng.TestRunner@6ec7bce0]]>
              </value>
            </param>
          </params>
          <reporter-output>
          </reporter-output>
        </test-method> <!-- CloseBrowser -->
        <test-method status="PASS" signature="onStart(java.lang.reflect.Method)[pri:0, instance:TestCases.SampleTestCase@6e06451e]" name="onStart" is-config="true" duration-ms="6444" started-at="2021-02-04T21:44:39Z" finished-at="2021-02-04T21:44:46Z">
          <params>
            <param index="0">
              <value>
                <![CDATA[public void TestCases.SampleTestCase.SearchData_TestCase1(java.util.Map) throws java.lang.Exception]]>
              </value>
            </param>
          </params>
          <reporter-output>
          </reporter-output>
        </test-method> <!-- onStart -->
        <test-method status="FAIL" signature="SearchData_TestCase1(java.util.Map)[pri:0, instance:TestCases.SampleTestCase@6e06451e]" name="SearchData_TestCase1" duration-ms="16151" started-at="2021-02-04T21:44:46Z" data-provider="TestData" finished-at="2021-02-04T21:45:02Z">
          <params>
            <param index="0">
              <value>
                <![CDATA[{ProductSearch=Apple MacBook Pro}]]>
              </value>
            </param>
          </params>
          <exception class="CustomException.MyException">
            <message>
              <![CDATA[Unable to locate element By.xpath: //button[@class='_2AkmmA _29YdH8']Expected condition failed: waiting for element to be clickable: By.xpath: //button[@class='_2AkmmA _29YdH8'] (tried for 10 second(s) with 500 milliseconds interval)]]>
            </message>
            <full-stacktrace>
              <![CDATA[CustomException.MyException: Unable to locate element By.xpath: //button[@class='_2AkmmA _29YdH8']Expected condition failed: waiting for element to be clickable: By.xpath: //button[@class='_2AkmmA _29YdH8'] (tried for 10 second(s) with 500 milliseconds interval)
	at Reusables.Reusables.waitforEle(Reusables.java:109)
	at Reusables.Reusables.click(Reusables.java:61)
	at Pages.LoginPage.LoginintoApplication(LoginPage.java:23)
	at TestCases.SampleTestCase.SearchData_TestCase1(SampleTestCase.java:24)
	at sun.reflect.NativeMethodAccessorImpl.invoke0(Native Method)
	at sun.reflect.NativeMethodAccessorImpl.invoke(Unknown Source)
	at sun.reflect.DelegatingMethodAccessorImpl.invoke(Unknown Source)
	at java.lang.reflect.Method.invoke(Unknown Source)
	at org.testng.internal.MethodInvocationHelper.invokeMethod(MethodInvocationHelper.java:100)
	at org.testng.internal.Invoker.invokeMethod(Invoker.java:646)
	at org.testng.internal.Invoker.invokeTestMethod(Invoker.java:811)
	at org.testng.internal.Invoker.invokeTestMethods(Invoker.java:1137)
	at org.testng.internal.TestMethodWorker.invokeTestMethods(TestMethodWorker.java:129)
	at org.testng.internal.TestMethodWorker.run(TestMethodWorker.java:112)
	at org.testng.TestRunner.privateRun(TestRunner.java:753)
	at org.testng.TestRunner.run(TestRunner.java:607)
	at org.testng.SuiteRunner.runTest(SuiteRunner.java:368)
	at org.testng.SuiteRunner.runSequentially(SuiteRunner.java:363)
	at org.testng.SuiteRunner.privateRun(SuiteRunner.java:321)
	at org.testng.SuiteRunner.run(SuiteRunner.java:270)
	at org.testng.SuiteRunnerWorker.runSuite(SuiteRunnerWorker.java:52)
	at org.testng.SuiteRunnerWorker.run(SuiteRunnerWorker.java:86)
	at org.testng.TestNG.runSuitesSequentially(TestNG.java:1284)
	at org.testng.TestNG.runSuitesLocally(TestNG.java:1209)
	at org.testng.TestNG.runSuites(TestNG.java:1124)
	at org.testng.TestNG.run(TestNG.java:1096)
	at org.testng.remote.AbstractRemoteTestNG.run(AbstractRemoteTestNG.java:132)
	at org.testng.remote.RemoteTestNG.initAndRun(RemoteTestNG.java:236)
	at org.testng.remote.RemoteTestNG.main(RemoteTestNG.java:81)
]]>
            </full-stacktrace>
          </exception> <!-- CustomException.MyException -->
          <reporter-output>
          </reporter-output>
        </test-method> <!-- SearchData_TestCase1 -->
        <test-method status="PASS" signature="CloseBrowser(org.testng.ITestResult, org.testng.ITestContext)[pri:0, instance:TestCases.SampleTestCase@6e06451e]" name="CloseBrowser" is-config="true" duration-ms="229" started-at="2021-02-04T21:45:02Z" finished-at="2021-02-04T21:45:02Z">
          <params>
            <param index="0">
              <value>
                <![CDATA[[TestResult name=SearchData_TestCase1 status=FAILURE method=SampleTestCase.SearchData_TestCase1(java.util.Map)[pri:0, instance:TestCases.SampleTestCase@6e06451e] output={null}]]]>
              </value>
            </param>
            <param index="1">
              <value>
                <![CDATA[org.testng.TestRunner@6ec7bce0]]>
              </value>
            </param>
          </params>
          <reporter-output>
          </reporter-output>
        </test-method> <!-- CloseBrowser -->
        <test-method status="PASS" signature="getResult()[pri:0, instance:TestCases.SampleTestCase@6e06451e]" name="getResult" is-config="true" duration-ms="1889" started-at="2021-02-04T21:45:02Z" finished-at="2021-02-04T21:45:04Z">
          <reporter-output>
          </reporter-output>
        </test-method> <!-- getResult -->
      </class> <!-- TestCases.SampleTestCase -->
    </test> <!-- Default test -->
  </suite> <!-- Default suite -->
</testng-results>
